::1 - - [04/Jul/2019:03:02:41 +0000] "GET /cities HTTP/1.1" 200 106 "-" "Mozilla/5.0 (Macintosh; Intel Mac OS X 10_14_3) AppleWebKit/537.36 (KHTML, like Gecko) Chrome/71.0.3578.98 Safari/537.36"
::1 - - [04/Jul/2019:03:02:44 +0000] "GET /cities HTTP/1.1" 304 - "-" "Mozilla/5.0 (Macintosh; Intel Mac OS X 10_14_3) AppleWebKit/537.36 (KHTML, like Gecko) Chrome/71.0.3578.98 Safari/537.36"
::1 - - [04/Jul/2019:03:02:45 +0000] "GET /cities HTTP/1.1" 304 - "-" "Mozilla/5.0 (Macintosh; Intel Mac OS X 10_14_3) AppleWebKit/537.36 (KHTML, like Gecko) Chrome/71.0.3578.98 Safari/537.36"
::1 - - [08/Jul/2019:00:03:50 +0000] "GET / HTTP/1.1" 404 139 "-" "Mozilla/5.0 (Macintosh; Intel Mac OS X 10_14_3) AppleWebKit/537.36 (KHTML, like Gecko) Chrome/71.0.3578.98 Safari/537.36"
::1 - - [08/Jul/2019:00:04:19 +0000] "GET /cities HTTP/1.1" - - "-" "Mozilla/5.0 (Macintosh; Intel Mac OS X 10_14_3) AppleWebKit/537.36 (KHTML, like Gecko) Chrome/71.0.3578.98 Safari/537.36"
::1 - - [08/Jul/2019:00:04:31 +0000] "GET /cities HTTP/1.1" 200 106 "-" "Mozilla/5.0 (Macintosh; Intel Mac OS X 10_14_3) AppleWebKit/537.36 (KHTML, like Gecko) Chrome/71.0.3578.98 Safari/537.36"
::1 - - [08/Jul/2019:00:08:51 +0000] "GET /cities HTTP/1.1" 200 106 "-" "PostmanRuntime/7.15.0"
::1 - - [08/Jul/2019:00:09:05 +0000] "GET /cities?query=mel HTTP/1.1" 200 2 "-" "PostmanRuntime/7.15.0"
::1 - - [08/Jul/2019:00:09:32 +0000] "GET /cities HTTP/1.1" 200 106 "-" "PostmanRuntime/7.15.0"
::1 - - [08/Jul/2019:00:09:40 +0000] "GET /cities?query=Melb HTTP/1.1" 200 2 "-" "PostmanRuntime/7.15.0"
::1 - - [08/Jul/2019:00:09:44 +0000] "GET /cities?query=Melbourne HTTP/1.1" 200 2 "-" "PostmanRuntime/7.15.0"
::1 - - [08/Jul/2019:00:10:14 +0000] "GET /cities?name=Melbourne HTTP/1.1" 200 106 "-" "PostmanRuntime/7.15.0"
::1 - - [08/Jul/2019:00:10:27 +0000] "GET /cities?name=Melbourne HTTP/1.1" 200 106 "-" "PostmanRuntime/7.15.0"
::1 - - [08/Jul/2019:00:11:14 +0000] "POST /cities?name=Melbourne HTTP/1.1" 200 24 "-" "PostmanRuntime/7.15.0"
::1 - - [08/Jul/2019:00:11:19 +0000] "POST /cities?name=Melbourne HTTP/1.1" 200 24 "-" "PostmanRuntime/7.15.0"
::1 - - [08/Jul/2019:00:11:24 +0000] "POST /cities?name=Melbourne HTTP/1.1" 200 24 "-" "PostmanRuntime/7.15.0"
::1 - - [08/Jul/2019:00:11:33 +0000] "POST /cities?name=Melbourne HTTP/1.1" 200 24 "-" "PostmanRuntime/7.15.0"
::1 - - [08/Jul/2019:00:11:37 +0000] "GET /cities?name=Melbourne HTTP/1.1" 200 106 "-" "PostmanRuntime/7.15.0"
::1 - - [08/Jul/2019:00:11:43 +0000] "GET /cities HTTP/1.1" 200 513 "-" "PostmanRuntime/7.15.0"
::1 - - [08/Jul/2019:00:15:51 +0000] "GET /cities HTTP/1.1" 200 2 "-" "PostmanRuntime/7.15.0"
::1 - - [08/Jul/2019:00:15:59 +0000] "GET /cities HTTP/1.1" 200 2 "-" "PostmanRuntime/7.15.0"
::1 - - [08/Jul/2019:00:17:07 +0000] "GET /cities HTTP/1.1" 200 106 "-" "PostmanRuntime/7.15.0"
::1 - - [08/Jul/2019:04:21:18 +0000] "GET /cities HTTP/1.1" 404 145 "-" "Mozilla/5.0 (Macintosh; Intel Mac OS X 10_14_3) AppleWebKit/537.36 (KHTML, like Gecko) Chrome/71.0.3578.98 Safari/537.36"
::1 - - [08/Jul/2019:04:22:30 +0000] "GET /cities HTTP/1.1" 404 145 "-" "PostmanRuntime/7.15.0"
::1 - - [08/Jul/2019:04:24:06 +0000] "GET /cities HTTP/1.1" 404 145 "-" "PostmanRuntime/7.15.0"
::1 - - [08/Jul/2019:04:24:40 +0000] "GET /cities HTTP/1.1" 404 145 "-" "PostmanRuntime/7.15.0"
::1 - - [08/Jul/2019:04:25:37 +0000] "GET /cities HTTP/1.1" 404 145 "-" "PostmanRuntime/7.15.0"
::1 - - [08/Jul/2019:04:28:14 +0000] "GET / HTTP/1.1" 404 139 "-" "PostmanRuntime/7.15.0"
::1 - - [08/Jul/2019:04:28:19 +0000] "GET /cities HTTP/1.1" 404 145 "-" "PostmanRuntime/7.15.0"
::1 - - [08/Jul/2019:04:28:34 +0000] "GET /cities HTTP/1.1" 404 145 "-" "Mozilla/5.0 (Macintosh; Intel Mac OS X 10_14_3) AppleWebKit/537.36 (KHTML, like Gecko) Chrome/71.0.3578.98 Safari/537.36"
::1 - - [08/Jul/2019:04:28:53 +0000] "GET /cities HTTP/1.1" 404 145 "-" "Mozilla/5.0 (Macintosh; Intel Mac OS X 10_14_3) AppleWebKit/537.36 (KHTML, like Gecko) Chrome/71.0.3578.98 Safari/537.36"
::1 - - [08/Jul/2019:04:30:31 +0000] "GET /cities HTTP/1.1" 200 513 "-" "Mozilla/5.0 (Macintosh; Intel Mac OS X 10_14_3) AppleWebKit/537.36 (KHTML, like Gecko) Chrome/71.0.3578.98 Safari/537.36"
::1 - - [08/Jul/2019:04:30:31 +0000] "GET /favicon.ico HTTP/1.1" 404 150 "http://localhost:3002/cities" "Mozilla/5.0 (Macintosh; Intel Mac OS X 10_14_3) AppleWebKit/537.36 (KHTML, like Gecko) Chrome/71.0.3578.98 Safari/537.36"
::1 - - [08/Jul/2019:04:30:32 +0000] "GET /cities HTTP/1.1" 304 - "-" "Mozilla/5.0 (Macintosh; Intel Mac OS X 10_14_3) AppleWebKit/537.36 (KHTML, like Gecko) Chrome/71.0.3578.98 Safari/537.36"
::1 - - [08/Jul/2019:05:12:50 +0000] "GET /api/auth/register HTTP/1.1" 404 156 "-" "PostmanRuntime/7.15.0"
::1 - - [08/Jul/2019:05:12:53 +0000] "POST /api/auth/register HTTP/1.1" 500 2259 "-" "PostmanRuntime/7.15.0"
::1 - - [08/Jul/2019:05:13:06 +0000] "POST /api/auth/register HTTP/1.1" 500 2259 "-" "PostmanRuntime/7.15.0"
::1 - - [08/Jul/2019:05:13:22 +0000] "POST /api/auth/register HTTP/1.1" 500 2259 "-" "PostmanRuntime/7.15.0"
::1 - - [08/Jul/2019:05:40:51 +0000] "POST /api/users/register HTTP/1.1" 404 158 "-" "PostmanRuntime/7.15.0"
