::1 - - [08/Jul/2019:06:26:37 +0000] "POST /api/cities HTTP/1.1" 401 96 "-" "PostmanRuntime/7.15.0"
::1 - - [08/Jul/2019:06:26:38 +0000] "POST /api/cities HTTP/1.1" 401 96 "-" "PostmanRuntime/7.15.0"
::1 - - [08/Jul/2019:06:26:42 +0000] "POST /api/cities HTTP/1.1" 401 96 "-" "PostmanRuntime/7.15.0"
::1 - - [08/Jul/2019:06:27:52 +0000] "POST /api/auth/login HTTP/1.1" 400 32 "-" "PostmanRuntime/7.15.0"
::1 - - [08/Jul/2019:06:27:53 +0000] "POST /api/auth/login HTTP/1.1" 400 32 "-" "PostmanRuntime/7.15.0"
::1 - - [08/Jul/2019:06:29:08 +0000] "POST /api/auth/login HTTP/1.1" 400 32 "-" "PostmanRuntime/7.15.0"
::1 - - [08/Jul/2019:06:29:08 +0000] "POST /api/auth/login HTTP/1.1" 400 32 "-" "PostmanRuntime/7.15.0"
::1 - - [08/Jul/2019:06:32:41 +0000] "POST /api/auth/login HTTP/1.1" 400 32 "-" "PostmanRuntime/7.15.0"
::1 - - [08/Jul/2019:06:33:45 +0000] "POST /api/cities/error HTTP/1.1" 404 156 "-" "PostmanRuntime/7.15.0"
::1 - - [08/Jul/2019:06:33:55 +0000] "GET /api/cities/error HTTP/1.1" 200 10 "-" "PostmanRuntime/7.15.0"
::1 - - [08/Jul/2019:06:34:07 +0000] "GET /api/cities/error HTTP/1.1" 200 7 "-" "PostmanRuntime/7.15.0"
::1 - - [08/Jul/2019:06:34:23 +0000] "GET /api/cities/error HTTP/1.1" 500 7 "-" "PostmanRuntime/7.15.0"
::1 - - [09/Jul/2019:00:25:15 +0000] "POST /api/auth/register HTTP/1.1" 200 39 "-" "PostmanRuntime/7.15.0"
::1 - - [09/Jul/2019:00:25:37 +0000] "GET /api/cities HTTP/1.1" 200 2 "-" "PostmanRuntime/7.15.0"
::1 - - [09/Jul/2019:00:25:48 +0000] "GET /api/cities HTTP/1.1" 200 2 "-" "PostmanRuntime/7.15.0"
::1 - - [09/Jul/2019:00:26:37 +0000] "POST /api/cities HTTP/1.1" 200 24 "-" "PostmanRuntime/7.15.0"
::1 - - [09/Jul/2019:00:26:42 +0000] "POST /api/cities HTTP/1.1" 200 24 "-" "PostmanRuntime/7.15.0"
::1 - - [09/Jul/2019:00:26:46 +0000] "POST /api/cities HTTP/1.1" 200 24 "-" "PostmanRuntime/7.15.0"
::1 - - [09/Jul/2019:00:26:49 +0000] "POST /api/cities HTTP/1.1" 200 24 "-" "PostmanRuntime/7.15.0"
::1 - - [09/Jul/2019:00:26:53 +0000] "POST /api/cities HTTP/1.1" 200 24 "-" "PostmanRuntime/7.15.0"
::1 - - [09/Jul/2019:00:27:02 +0000] "GET /api/cities HTTP/1.1" 200 907 "-" "PostmanRuntime/7.15.0"
::1 - - [09/Jul/2019:00:27:36 +0000] "PATCH /api/cities HTTP/1.1" 200 16 "-" "PostmanRuntime/7.15.0"
::1 - - [09/Jul/2019:00:28:23 +0000] "GET /api/cities HTTP/1.1" 200 907 "-" "PostmanRuntime/7.15.0"
::1 - - [09/Jul/2019:00:30:15 +0000] "PATCH /api/cities HTTP/1.1" 400 39 "-" "PostmanRuntime/7.15.0"
::1 - - [09/Jul/2019:00:30:53 +0000] "POST /api/auth/login HTTP/1.1" 400 43 "-" "PostmanRuntime/7.15.0"
::1 - - [09/Jul/2019:00:31:02 +0000] "POST /api/auth/login HTTP/1.1" 200 216 "-" "PostmanRuntime/7.15.0"
::1 - - [09/Jul/2019:00:31:42 +0000] "PATCH /api/cities HTTP/1.1" 400 34 "-" "PostmanRuntime/7.15.0"
::1 - - [09/Jul/2019:00:31:54 +0000] "GET /api/cities HTTP/1.1" 200 907 "-" "PostmanRuntime/7.15.0"
::1 - - [09/Jul/2019:00:32:15 +0000] "PATCH /api/cities HTTP/1.1" 200 194 "-" "PostmanRuntime/7.15.0"
::1 - - [09/Jul/2019:00:32:25 +0000] "GET /api/cities HTTP/1.1" 200 907 "-" "PostmanRuntime/7.15.0"
::1 - - [09/Jul/2019:00:36:35 +0000] "GET /api/cities HTTP/1.1" 200 907 "-" "PostmanRuntime/7.15.0"
::1 - - [09/Jul/2019:00:36:44 +0000] "PATCH /api/cities HTTP/1.1" 200 194 "-" "PostmanRuntime/7.15.0"
::1 - - [09/Jul/2019:00:36:47 +0000] "GET /api/cities HTTP/1.1" 200 914 "-" "PostmanRuntime/7.15.0"
::1 - - [09/Jul/2019:00:44:21 +0000] "POST /api/auth/login HTTP/1.1" 200 216 "-" "PostmanRuntime/7.15.0"
::1 - - [09/Jul/2019:00:44:33 +0000] "GET /api/cities HTTP/1.1" 200 914 "-" "PostmanRuntime/7.15.0"
::1 - - [09/Jul/2019:00:46:02 +0000] "PATCH /api/cities HTTP/1.1" 500 2259 "-" "PostmanRuntime/7.15.0"
::1 - - [09/Jul/2019:00:46:25 +0000] "PATCH /api/cities HTTP/1.1" 200 201 "-" "PostmanRuntime/7.15.0"
::1 - - [09/Jul/2019:00:46:41 +0000] "PATCH /api/cities HTTP/1.1" 200 201 "-" "PostmanRuntime/7.15.0"
::1 - - [09/Jul/2019:00:46:43 +0000] "PATCH /api/cities HTTP/1.1" 200 201 "-" "PostmanRuntime/7.15.0"
::1 - - [09/Jul/2019:00:46:45 +0000] "PATCH /api/cities HTTP/1.1" 200 201 "-" "PostmanRuntime/7.15.0"
::1 - - [09/Jul/2019:00:46:46 +0000] "PATCH /api/cities HTTP/1.1" 200 201 "-" "PostmanRuntime/7.15.0"
::1 - - [09/Jul/2019:00:46:46 +0000] "PATCH /api/cities HTTP/1.1" 200 201 "-" "PostmanRuntime/7.15.0"
::1 - - [09/Jul/2019:00:46:47 +0000] "PATCH /api/cities HTTP/1.1" 200 201 "-" "PostmanRuntime/7.15.0"
::1 - - [09/Jul/2019:00:46:49 +0000] "PATCH /api/cities HTTP/1.1" 200 201 "-" "PostmanRuntime/7.15.0"
::1 - - [09/Jul/2019:00:50:10 +0000] "PATCH /api/cities HTTP/1.1" 400 254 "-" "PostmanRuntime/7.15.0"
::1 - - [09/Jul/2019:00:50:25 +0000] "PATCH /api/cities HTTP/1.1" 400 110 "-" "PostmanRuntime/7.15.0"
::1 - - [09/Jul/2019:01:03:11 +0000] "POST /api/auth/login HTTP/1.1" 200 216 "-" "PostmanRuntime/7.15.0"
::1 - - [09/Jul/2019:01:03:34 +0000] "GET /api/cities HTTP/1.1" 200 914 "-" "PostmanRuntime/7.15.0"
::1 - - [09/Jul/2019:01:04:25 +0000] "PATCH /api/cities HTTP/1.1" 400 39 "-" "PostmanRuntime/7.15.0"
::1 - - [09/Jul/2019:01:04:55 +0000] "PATCH /api/cities HTTP/1.1" 200 201 "-" "PostmanRuntime/7.15.0"
::1 - - [09/Jul/2019:01:05:06 +0000] "PATCH /api/cities HTTP/1.1" 200 197 "-" "PostmanRuntime/7.15.0"
::1 - - [09/Jul/2019:01:05:20 +0000] "PATCH /api/cities HTTP/1.1" 200 197 "-" "PostmanRuntime/7.15.0"
::1 - - [09/Jul/2019:01:05:26 +0000] "GET /api/cities HTTP/1.1" 200 911 "-" "PostmanRuntime/7.15.0"
::1 - - [09/Jul/2019:01:09:17 +0000] "POST /api/auth/login HTTP/1.1" 200 216 "-" "PostmanRuntime/7.15.0"
::1 - - [09/Jul/2019:01:23:58 +0000] "POST /api/auth/login HTTP/1.1" 400 32 "http://localhost:3000/?" "Mozilla/5.0 (Macintosh; Intel Mac OS X 10_14_3) AppleWebKit/537.36 (KHTML, like Gecko) Chrome/71.0.3578.98 Safari/537.36"
::1 - - [09/Jul/2019:01:25:19 +0000] "POST /api/auth/login HTTP/1.1" 400 32 "http://localhost:3000/?" "Mozilla/5.0 (Macintosh; Intel Mac OS X 10_14_3) AppleWebKit/537.36 (KHTML, like Gecko) Chrome/71.0.3578.98 Safari/537.36"
::1 - - [09/Jul/2019:01:25:32 +0000] "POST /api/auth/login HTTP/1.1" 400 32 "http://localhost:3000/?" "Mozilla/5.0 (Macintosh; Intel Mac OS X 10_14_3) AppleWebKit/537.36 (KHTML, like Gecko) Chrome/71.0.3578.98 Safari/537.36"
::1 - - [09/Jul/2019:01:26:29 +0000] "POST /api/auth/login HTTP/1.1" 400 32 "http://localhost:3000/?" "Mozilla/5.0 (Macintosh; Intel Mac OS X 10_14_3) AppleWebKit/537.36 (KHTML, like Gecko) Chrome/71.0.3578.98 Safari/537.36"
::1 - - [09/Jul/2019:01:27:40 +0000] "POST /api/auth/login HTTP/1.1" 400 32 "http://localhost:3000/?" "Mozilla/5.0 (Macintosh; Intel Mac OS X 10_14_3) AppleWebKit/537.36 (KHTML, like Gecko) Chrome/71.0.3578.98 Safari/537.36"
::1 - - [09/Jul/2019:01:29:34 +0000] "POST /api/auth/login HTTP/1.1" 200 216 "-" "PostmanRuntime/7.15.0"
::1 - - [09/Jul/2019:01:29:45 +0000] "POST /api/auth/login HTTP/1.1" 400 32 "http://localhost:3000/?" "Mozilla/5.0 (Macintosh; Intel Mac OS X 10_14_3) AppleWebKit/537.36 (KHTML, like Gecko) Chrome/71.0.3578.98 Safari/537.36"
::1 - - [09/Jul/2019:01:29:48 +0000] "POST /api/auth/login HTTP/1.1" 400 32 "http://localhost:3000/?" "Mozilla/5.0 (Macintosh; Intel Mac OS X 10_14_3) AppleWebKit/537.36 (KHTML, like Gecko) Chrome/71.0.3578.98 Safari/537.36"
::1 - - [09/Jul/2019:01:34:38 +0000] "OPTIONS /api/auth/login HTTP/1.1" 200 4 "http://localhost:3000/?" "Mozilla/5.0 (Macintosh; Intel Mac OS X 10_14_3) AppleWebKit/537.36 (KHTML, like Gecko) Chrome/71.0.3578.98 Safari/537.36"
::1 - - [09/Jul/2019:01:37:09 +0000] "OPTIONS /api/auth/login HTTP/1.1" 200 4 "http://localhost:3000/?" "Mozilla/5.0 (Macintosh; Intel Mac OS X 10_14_3) AppleWebKit/537.36 (KHTML, like Gecko) Chrome/71.0.3578.98 Safari/537.36"
::1 - - [09/Jul/2019:01:37:10 +0000] "POST /api/auth/login HTTP/1.1" 400 32 "http://localhost:3000/?" "Mozilla/5.0 (Macintosh; Intel Mac OS X 10_14_3) AppleWebKit/537.36 (KHTML, like Gecko) Chrome/71.0.3578.98 Safari/537.36"
::1 - - [09/Jul/2019:01:37:12 +0000] "POST /api/auth/login HTTP/1.1" 400 32 "http://localhost:3000/?" "Mozilla/5.0 (Macintosh; Intel Mac OS X 10_14_3) AppleWebKit/537.36 (KHTML, like Gecko) Chrome/71.0.3578.98 Safari/537.36"
::1 - - [09/Jul/2019:01:38:34 +0000] "OPTIONS /api/auth/login HTTP/1.1" 200 4 "http://localhost:3000/?" "Mozilla/5.0 (Macintosh; Intel Mac OS X 10_14_3) AppleWebKit/537.36 (KHTML, like Gecko) Chrome/71.0.3578.98 Safari/537.36"
::1 - - [09/Jul/2019:01:38:34 +0000] "POST /api/auth/login HTTP/1.1" 200 216 "http://localhost:3000/?" "Mozilla/5.0 (Macintosh; Intel Mac OS X 10_14_3) AppleWebKit/537.36 (KHTML, like Gecko) Chrome/71.0.3578.98 Safari/537.36"
::1 - - [09/Jul/2019:01:40:25 +0000] "OPTIONS /api/auth/login HTTP/1.1" 200 4 "http://localhost:3000/?" "Mozilla/5.0 (Macintosh; Intel Mac OS X 10_14_3) AppleWebKit/537.36 (KHTML, like Gecko) Chrome/71.0.3578.98 Safari/537.36"
::1 - - [09/Jul/2019:01:40:25 +0000] "POST /api/auth/login HTTP/1.1" 200 216 "http://localhost:3000/?" "Mozilla/5.0 (Macintosh; Intel Mac OS X 10_14_3) AppleWebKit/537.36 (KHTML, like Gecko) Chrome/71.0.3578.98 Safari/537.36"
::1 - - [09/Jul/2019:01:43:22 +0000] "OPTIONS /api/auth/login HTTP/1.1" 200 4 "http://localhost:3000/?" "Mozilla/5.0 (Macintosh; Intel Mac OS X 10_14_3) AppleWebKit/537.36 (KHTML, like Gecko) Chrome/71.0.3578.98 Safari/537.36"
::1 - - [09/Jul/2019:01:43:22 +0000] "POST /api/auth/login HTTP/1.1" 200 216 "http://localhost:3000/?" "Mozilla/5.0 (Macintosh; Intel Mac OS X 10_14_3) AppleWebKit/537.36 (KHTML, like Gecko) Chrome/71.0.3578.98 Safari/537.36"
::1 - - [09/Jul/2019:01:48:06 +0000] "OPTIONS /api/cities HTTP/1.1" 200 26 "http://localhost:3000/?" "Mozilla/5.0 (Macintosh; Intel Mac OS X 10_14_3) AppleWebKit/537.36 (KHTML, like Gecko) Chrome/71.0.3578.98 Safari/537.36"
::1 - - [09/Jul/2019:01:48:06 +0000] "GET /api/cities HTTP/1.1" 200 911 "http://localhost:3000/?" "Mozilla/5.0 (Macintosh; Intel Mac OS X 10_14_3) AppleWebKit/537.36 (KHTML, like Gecko) Chrome/71.0.3578.98 Safari/537.36"
::1 - - [09/Jul/2019:01:49:06 +0000] "OPTIONS /api/auth/login HTTP/1.1" 200 4 "http://localhost:3000/?" "Mozilla/5.0 (Macintosh; Intel Mac OS X 10_14_3) AppleWebKit/537.36 (KHTML, like Gecko) Chrome/71.0.3578.98 Safari/537.36"
::1 - - [09/Jul/2019:01:49:06 +0000] "POST /api/auth/login HTTP/1.1" 200 216 "http://localhost:3000/?" "Mozilla/5.0 (Macintosh; Intel Mac OS X 10_14_3) AppleWebKit/537.36 (KHTML, like Gecko) Chrome/71.0.3578.98 Safari/537.36"
::1 - - [09/Jul/2019:01:49:09 +0000] "OPTIONS /api/cities HTTP/1.1" 200 26 "http://localhost:3000/?" "Mozilla/5.0 (Macintosh; Intel Mac OS X 10_14_3) AppleWebKit/537.36 (KHTML, like Gecko) Chrome/71.0.3578.98 Safari/537.36"
::1 - - [09/Jul/2019:01:49:09 +0000] "GET /api/cities HTTP/1.1" 304 - "http://localhost:3000/?" "Mozilla/5.0 (Macintosh; Intel Mac OS X 10_14_3) AppleWebKit/537.36 (KHTML, like Gecko) Chrome/71.0.3578.98 Safari/537.36"
::1 - - [09/Jul/2019:01:56:23 +0000] "OPTIONS /api/cities HTTP/1.1" 200 26 "http://localhost:3000/?" "Mozilla/5.0 (Macintosh; Intel Mac OS X 10_14_3) AppleWebKit/537.36 (KHTML, like Gecko) Chrome/71.0.3578.98 Safari/537.36"
::1 - - [09/Jul/2019:01:56:23 +0000] "GET /api/cities HTTP/1.1" 304 - "http://localhost:3000/?" "Mozilla/5.0 (Macintosh; Intel Mac OS X 10_14_3) AppleWebKit/537.36 (KHTML, like Gecko) Chrome/71.0.3578.98 Safari/537.36"
::1 - - [09/Jul/2019:01:56:26 +0000] "GET /api/cities HTTP/1.1" 304 - "http://localhost:3000/?" "Mozilla/5.0 (Macintosh; Intel Mac OS X 10_14_3) AppleWebKit/537.36 (KHTML, like Gecko) Chrome/71.0.3578.98 Safari/537.36"
::1 - - [09/Jul/2019:01:56:27 +0000] "GET /api/cities HTTP/1.1" 304 - "http://localhost:3000/?" "Mozilla/5.0 (Macintosh; Intel Mac OS X 10_14_3) AppleWebKit/537.36 (KHTML, like Gecko) Chrome/71.0.3578.98 Safari/537.36"
::1 - - [09/Jul/2019:01:57:27 +0000] "OPTIONS /api/cities HTTP/1.1" 200 26 "http://localhost:3000/?" "Mozilla/5.0 (Macintosh; Intel Mac OS X 10_14_3) AppleWebKit/537.36 (KHTML, like Gecko) Chrome/71.0.3578.98 Safari/537.36"
::1 - - [09/Jul/2019:01:57:27 +0000] "GET /api/cities HTTP/1.1" 304 - "http://localhost:3000/?" "Mozilla/5.0 (Macintosh; Intel Mac OS X 10_14_3) AppleWebKit/537.36 (KHTML, like Gecko) Chrome/71.0.3578.98 Safari/537.36"
::1 - - [09/Jul/2019:01:58:02 +0000] "OPTIONS /api/cities HTTP/1.1" 200 26 "http://localhost:3000/?" "Mozilla/5.0 (Macintosh; Intel Mac OS X 10_14_3) AppleWebKit/537.36 (KHTML, like Gecko) Chrome/71.0.3578.98 Safari/537.36"
::1 - - [09/Jul/2019:01:58:02 +0000] "GET /api/cities HTTP/1.1" 304 - "http://localhost:3000/?" "Mozilla/5.0 (Macintosh; Intel Mac OS X 10_14_3) AppleWebKit/537.36 (KHTML, like Gecko) Chrome/71.0.3578.98 Safari/537.36"
::1 - - [09/Jul/2019:01:58:16 +0000] "OPTIONS /api/cities HTTP/1.1" 200 26 "http://localhost:3000/?" "Mozilla/5.0 (Macintosh; Intel Mac OS X 10_14_3) AppleWebKit/537.36 (KHTML, like Gecko) Chrome/71.0.3578.98 Safari/537.36"
::1 - - [09/Jul/2019:01:58:16 +0000] "GET /api/cities HTTP/1.1" 304 - "http://localhost:3000/?" "Mozilla/5.0 (Macintosh; Intel Mac OS X 10_14_3) AppleWebKit/537.36 (KHTML, like Gecko) Chrome/71.0.3578.98 Safari/537.36"
::1 - - [09/Jul/2019:01:58:43 +0000] "OPTIONS /api/cities HTTP/1.1" 200 26 "http://localhost:3000/?" "Mozilla/5.0 (Macintosh; Intel Mac OS X 10_14_3) AppleWebKit/537.36 (KHTML, like Gecko) Chrome/71.0.3578.98 Safari/537.36"
::1 - - [09/Jul/2019:01:58:43 +0000] "GET /api/cities HTTP/1.1" 304 - "http://localhost:3000/?" "Mozilla/5.0 (Macintosh; Intel Mac OS X 10_14_3) AppleWebKit/537.36 (KHTML, like Gecko) Chrome/71.0.3578.98 Safari/537.36"
::1 - - [09/Jul/2019:01:58:58 +0000] "OPTIONS /api/cities HTTP/1.1" 200 26 "http://localhost:3000/?" "Mozilla/5.0 (Macintosh; Intel Mac OS X 10_14_3) AppleWebKit/537.36 (KHTML, like Gecko) Chrome/71.0.3578.98 Safari/537.36"
::1 - - [09/Jul/2019:01:58:58 +0000] "GET /api/cities HTTP/1.1" 304 - "http://localhost:3000/?" "Mozilla/5.0 (Macintosh; Intel Mac OS X 10_14_3) AppleWebKit/537.36 (KHTML, like Gecko) Chrome/71.0.3578.98 Safari/537.36"
::1 - - [09/Jul/2019:01:59:07 +0000] "OPTIONS /api/cities HTTP/1.1" 200 26 "http://localhost:3000/?" "Mozilla/5.0 (Macintosh; Intel Mac OS X 10_14_3) AppleWebKit/537.36 (KHTML, like Gecko) Chrome/71.0.3578.98 Safari/537.36"
::1 - - [09/Jul/2019:01:59:07 +0000] "GET /api/cities HTTP/1.1" 304 - "http://localhost:3000/?" "Mozilla/5.0 (Macintosh; Intel Mac OS X 10_14_3) AppleWebKit/537.36 (KHTML, like Gecko) Chrome/71.0.3578.98 Safari/537.36"
::1 - - [09/Jul/2019:01:59:25 +0000] "OPTIONS /api/cities HTTP/1.1" 200 26 "http://localhost:3000/?" "Mozilla/5.0 (Macintosh; Intel Mac OS X 10_14_3) AppleWebKit/537.36 (KHTML, like Gecko) Chrome/71.0.3578.98 Safari/537.36"
::1 - - [09/Jul/2019:01:59:25 +0000] "GET /api/cities HTTP/1.1" 304 - "http://localhost:3000/?" "Mozilla/5.0 (Macintosh; Intel Mac OS X 10_14_3) AppleWebKit/537.36 (KHTML, like Gecko) Chrome/71.0.3578.98 Safari/537.36"
::1 - - [09/Jul/2019:01:59:37 +0000] "OPTIONS /api/cities HTTP/1.1" 200 26 "http://localhost:3000/?" "Mozilla/5.0 (Macintosh; Intel Mac OS X 10_14_3) AppleWebKit/537.36 (KHTML, like Gecko) Chrome/71.0.3578.98 Safari/537.36"
::1 - - [09/Jul/2019:01:59:37 +0000] "GET /api/cities HTTP/1.1" 304 - "http://localhost:3000/?" "Mozilla/5.0 (Macintosh; Intel Mac OS X 10_14_3) AppleWebKit/537.36 (KHTML, like Gecko) Chrome/71.0.3578.98 Safari/537.36"
::1 - - [09/Jul/2019:01:59:48 +0000] "OPTIONS /api/cities HTTP/1.1" 200 26 "http://localhost:3000/?" "Mozilla/5.0 (Macintosh; Intel Mac OS X 10_14_3) AppleWebKit/537.36 (KHTML, like Gecko) Chrome/71.0.3578.98 Safari/537.36"
::1 - - [09/Jul/2019:01:59:48 +0000] "GET /api/cities HTTP/1.1" 304 - "http://localhost:3000/?" "Mozilla/5.0 (Macintosh; Intel Mac OS X 10_14_3) AppleWebKit/537.36 (KHTML, like Gecko) Chrome/71.0.3578.98 Safari/537.36"
::1 - - [09/Jul/2019:02:00:18 +0000] "OPTIONS /api/cities HTTP/1.1" 200 26 "http://localhost:3000/?" "Mozilla/5.0 (Macintosh; Intel Mac OS X 10_14_3) AppleWebKit/537.36 (KHTML, like Gecko) Chrome/71.0.3578.98 Safari/537.36"
::1 - - [09/Jul/2019:02:00:18 +0000] "GET /api/cities HTTP/1.1" 304 - "http://localhost:3000/?" "Mozilla/5.0 (Macintosh; Intel Mac OS X 10_14_3) AppleWebKit/537.36 (KHTML, like Gecko) Chrome/71.0.3578.98 Safari/537.36"
::1 - - [09/Jul/2019:02:00:25 +0000] "OPTIONS /api/cities HTTP/1.1" 200 26 "http://localhost:3000/?" "Mozilla/5.0 (Macintosh; Intel Mac OS X 10_14_3) AppleWebKit/537.36 (KHTML, like Gecko) Chrome/71.0.3578.98 Safari/537.36"
::1 - - [09/Jul/2019:02:00:25 +0000] "GET /api/cities HTTP/1.1" 304 - "http://localhost:3000/?" "Mozilla/5.0 (Macintosh; Intel Mac OS X 10_14_3) AppleWebKit/537.36 (KHTML, like Gecko) Chrome/71.0.3578.98 Safari/537.36"
::1 - - [09/Jul/2019:02:15:39 +0000] "OPTIONS /api/cities HTTP/1.1" 200 26 "http://localhost:3000/?" "Mozilla/5.0 (Macintosh; Intel Mac OS X 10_14_3) AppleWebKit/537.36 (KHTML, like Gecko) Chrome/71.0.3578.98 Safari/537.36"
::1 - - [09/Jul/2019:02:15:39 +0000] "GET /api/cities HTTP/1.1" 304 - "http://localhost:3000/?" "Mozilla/5.0 (Macintosh; Intel Mac OS X 10_14_3) AppleWebKit/537.36 (KHTML, like Gecko) Chrome/71.0.3578.98 Safari/537.36"
::1 - - [09/Jul/2019:02:16:56 +0000] "OPTIONS /api/cities HTTP/1.1" 200 26 "http://localhost:3000/?" "Mozilla/5.0 (Macintosh; Intel Mac OS X 10_14_3) AppleWebKit/537.36 (KHTML, like Gecko) Chrome/71.0.3578.98 Safari/537.36"
::1 - - [09/Jul/2019:02:16:56 +0000] "GET /api/cities HTTP/1.1" 304 - "http://localhost:3000/?" "Mozilla/5.0 (Macintosh; Intel Mac OS X 10_14_3) AppleWebKit/537.36 (KHTML, like Gecko) Chrome/71.0.3578.98 Safari/537.36"
::1 - - [09/Jul/2019:02:16:59 +0000] "GET /api/cities HTTP/1.1" 304 - "http://localhost:3000/?" "Mozilla/5.0 (Macintosh; Intel Mac OS X 10_14_3) AppleWebKit/537.36 (KHTML, like Gecko) Chrome/71.0.3578.98 Safari/537.36"
::1 - - [09/Jul/2019:02:20:28 +0000] "OPTIONS /api/auth/login HTTP/1.1" 200 4 "http://localhost:3000/" "Mozilla/5.0 (Macintosh; Intel Mac OS X 10_14_3) AppleWebKit/537.36 (KHTML, like Gecko) Chrome/71.0.3578.98 Safari/537.36"
::1 - - [09/Jul/2019:02:20:28 +0000] "POST /api/auth/login HTTP/1.1" 400 32 "http://localhost:3000/" "Mozilla/5.0 (Macintosh; Intel Mac OS X 10_14_3) AppleWebKit/537.36 (KHTML, like Gecko) Chrome/71.0.3578.98 Safari/537.36"
::1 - - [09/Jul/2019:02:20:29 +0000] "POST /api/auth/login HTTP/1.1" 400 32 "http://localhost:3000/" "Mozilla/5.0 (Macintosh; Intel Mac OS X 10_14_3) AppleWebKit/537.36 (KHTML, like Gecko) Chrome/71.0.3578.98 Safari/537.36"
::1 - - [09/Jul/2019:02:20:30 +0000] "POST /api/auth/login HTTP/1.1" 400 32 "http://localhost:3000/" "Mozilla/5.0 (Macintosh; Intel Mac OS X 10_14_3) AppleWebKit/537.36 (KHTML, like Gecko) Chrome/71.0.3578.98 Safari/537.36"
::1 - - [09/Jul/2019:02:20:30 +0000] "POST /api/auth/login HTTP/1.1" 400 32 "http://localhost:3000/" "Mozilla/5.0 (Macintosh; Intel Mac OS X 10_14_3) AppleWebKit/537.36 (KHTML, like Gecko) Chrome/71.0.3578.98 Safari/537.36"
::1 - - [09/Jul/2019:02:42:40 +0000] "OPTIONS /api/cities HTTP/1.1" 200 26 "http://localhost:3000/" "Mozilla/5.0 (Macintosh; Intel Mac OS X 10_14_3) AppleWebKit/537.36 (KHTML, like Gecko) Chrome/71.0.3578.98 Safari/537.36"
::1 - - [09/Jul/2019:02:42:40 +0000] "GET /api/cities HTTP/1.1" 304 - "http://localhost:3000/" "Mozilla/5.0 (Macintosh; Intel Mac OS X 10_14_3) AppleWebKit/537.36 (KHTML, like Gecko) Chrome/71.0.3578.98 Safari/537.36"
::1 - - [09/Jul/2019:02:42:42 +0000] "GET /api/cities HTTP/1.1" 304 - "http://localhost:3000/" "Mozilla/5.0 (Macintosh; Intel Mac OS X 10_14_3) AppleWebKit/537.36 (KHTML, like Gecko) Chrome/71.0.3578.98 Safari/537.36"
::1 - - [09/Jul/2019:02:42:43 +0000] "GET /api/cities HTTP/1.1" 304 - "http://localhost:3000/" "Mozilla/5.0 (Macintosh; Intel Mac OS X 10_14_3) AppleWebKit/537.36 (KHTML, like Gecko) Chrome/71.0.3578.98 Safari/537.36"
::1 - - [10/Jul/2019:23:46:51 +0000] "GET /API/CITIES HTTP/1.1" 200 911 "-" "Mozilla/5.0 (Macintosh; Intel Mac OS X 10_14_3) AppleWebKit/537.36 (KHTML, like Gecko) Chrome/71.0.3578.98 Safari/537.36"
::1 - - [10/Jul/2019:23:46:52 +0000] "GET /favicon.ico HTTP/1.1" 404 150 "http://localhost:3002/API/CITIES" "Mozilla/5.0 (Macintosh; Intel Mac OS X 10_14_3) AppleWebKit/537.36 (KHTML, like Gecko) Chrome/71.0.3578.98 Safari/537.36"
::1 - - [10/Jul/2019:23:47:13 +0000] "GET /API/CITIES HTTP/1.1" 304 - "-" "Mozilla/5.0 (Macintosh; Intel Mac OS X 10_14_3) AppleWebKit/537.36 (KHTML, like Gecko) Chrome/71.0.3578.98 Safari/537.36"
::1 - - [10/Jul/2019:23:57:29 +0000] "GET /api/cities HTTP/1.1" 200 1058 "-" "Mozilla/5.0 (Macintosh; Intel Mac OS X 10_14_3) AppleWebKit/537.36 (KHTML, like Gecko) Chrome/71.0.3578.98 Safari/537.36"
::1 - - [10/Jul/2019:23:59:08 +0000] "POST /api/auth/login HTTP/1.1" 200 216 "-" "PostmanRuntime/7.15.0"
::1 - - [11/Jul/2019:00:01:31 +0000] "POST /api/cities HTTP/1.1" 200 24 "-" "PostmanRuntime/7.15.0"
::1 - - [11/Jul/2019:00:01:43 +0000] "POST /api/cities HTTP/1.1" 200 24 "-" "PostmanRuntime/7.15.0"
::1 - - [11/Jul/2019:00:01:57 +0000] "POST /api/cities HTTP/1.1" 200 24 "-" "PostmanRuntime/7.15.0"
::1 - - [11/Jul/2019:00:02:08 +0000] "POST /api/cities HTTP/1.1" 200 24 "-" "PostmanRuntime/7.15.0"
::1 - - [11/Jul/2019:00:02:15 +0000] "POST /api/cities HTTP/1.1" 200 24 "-" "PostmanRuntime/7.15.0"
::1 - - [11/Jul/2019:00:02:23 +0000] "GET /api/cities HTTP/1.1" 200 1226 "-" "PostmanRuntime/7.15.0"
::1 - - [11/Jul/2019:00:02:50 +0000] "POST /api/cities HTTP/1.1" 200 24 "-" "PostmanRuntime/7.15.0"
::1 - - [11/Jul/2019:00:03:17 +0000] "POST /api/cities HTTP/1.1" 200 24 "-" "PostmanRuntime/7.15.0"
::1 - - [11/Jul/2019:00:03:21 +0000] "GET /api/cities HTTP/1.1" 200 1226 "-" "PostmanRuntime/7.15.0"
